#
# There is insufficient memory for the Java Runtime Environment to continue.
# Native memory allocation (mmap) failed to map 65011712 bytes for Failed to commit area from 0x00000000c2800000 to 0x00000000c6600000 of length 65011712.
# Possible reasons:
#   The system is out of physical RAM or swap space
#   The process is running with CompressedOops enabled, and the Java Heap may be blocking the growth of the native heap
# Possible solutions:
#   Reduce memory load on the system
#   Increase physical memory or swap space
#   Check if swap backing store is full
#   Decrease Java heap size (-Xmx/-Xms)
#   Decrease number of Java threads
#   Decrease Java thread stack sizes (-Xss)
#   Set larger code cache with -XX:ReservedCodeCacheSize=
#   JVM is running with Unscaled Compressed Oops mode in which the Java heap is
#     placed in the first 4GB address space. The Java Heap base address is the
#     maximum limit for the native heap growth. Please use -XX:HeapBaseMinAddress
#     to set the Java Heap base and to place the Java Heap above 4GB virtual address.
# This output file may be truncated or incomplete.
#
#  Out of Memory Error (./open/src/hotspot/os/windows/os_windows.cpp:3315), pid=14664, tid=6588
#
# JRE version:  (14.0.2+12) (build )
# Java VM: Java HotSpot(TM) 64-Bit Server VM (14.0.2+12-46, mixed mode, sharing, tiered, compressed oops, g1 gc, windows-amd64)
# No core dump will be written. Minidumps are not enabled by default on client versions of Windows
#

---------------  S U M M A R Y ------------

Command Line: -Dfile.encoding=UTF-8 InputExample

Host: Intel(R) Core(TM) i3-8130U CPU @ 2.20GHz, 4 cores, 3G,  Windows 10 , 64 bit Build 22000 (10.0.22000.318)
Time: Sat Jan  8 14:30:06 2022 대한민국 표준시 elapsed time: 0 seconds (0d 0h 0m 0s)

---------------  T H R E A D  ---------------

Current thread (0x000001dd917b9800):  JavaThread "Unknown thread" [_thread_in_vm, id=6588, stack(0x0000005eb7400000,0x0000005eb7500000)]

Stack: [0x0000005eb7400000,0x0000005eb7500000]
Native frames: (J=compiled Java code, j=interpreted, Vv=VM code, C=native code)
V  [jvm.dll+0x5f8a9a]
V  [jvm.dll+0x74247a]
V  [jvm.dll+0x743c2f]
V  [jvm.dll+0x744273]
V  [jvm.dll+0x20d288]
V  [jvm.dll+0x5f5dea]
V  [jvm.dll+0x5eac45]
V  [jvm.dll+0x2c7e9c]
V  [jvm.dll+0x2c7cd2]
V  [jvm.dll+0x2cdbbc]
V  [jvm.dll+0x313fe8]
V  [jvm.dll+0x313710]
V  [jvm.dll+0x2a092a]
V  [jvm.dll+0x2a1a79]
V  [jvm.dll+0x71fd48]
V  [jvm.dll+0x321c14]
V  [jvm.dll+0x70112c]
V  [jvm.dll+0x392def]
V  [jvm.dll+0x394e61]
C  [jli.dll+0x524b]
C  [ucrtbase.dll+0x26c0c]
C  [KERNEL32.DLL+0x154e0]
C  [ntdll.dll+0x485b]


---------------  P R O C E S S  ---------------

Threads class SMR info:
_java_thread_list=0x00007ffef90a3038, length=0, elements={
}

Java Threads: ( => current thread )

Other Threads:
  0x000001dd917ea800 GCTaskThread "GC Thread#0" [stack: 0x0000005eb7500000,0x0000005eb7600000] [id=15572]
  0x000001dd917f6800 ConcurrentGCThread "G1 Main Marker" [stack: 0x0000005eb7600000,0x0000005eb7700000] [id=3600]
  0x000001dd917f8000 ConcurrentGCThread "G1 Conc#0" [stack: 0x0000005eb7700000,0x0000005eb7800000] [id=29520]

[error occurred during error reporting (printing all threads), id 0xc0000005, EXCEPTION_ACCESS_VIOLATION (0xc0000005) at pc=0x00007ffef88d1257]

VM state:not at safepoint (not fully initialized)

VM Mutex/Monitor currently owned by a thread:  ([mutex/lock_event])
[0x000001dd917b6630] Heap_lock - owner thread: 0x000001dd917b9800

Heap address: 0x00000000c2800000, size: 984 MB, Compressed Oops mode: 32-bit
Narrow klass base: 0x0000000000000000, Narrow klass shift: 0

GC Heap History (0 events):
No events

Deoptimization events (0 events):
No events

Classes unloaded (0 events):
No events

Classes redefined (0 events):
No events

Internal exceptions (0 events):
No events

Events (2 events):
Event: 0.034 Loaded shared library C:\Program Files\Java\jdk-14.0.2\bin\java.dll
Event: 0.036 Loaded shared library C:\Program Files\Java\jdk-14.0.2\bin\zip.dll


Dynamic libraries:
0x00007ff65a600000 - 0x00007ff65a60f000 	C:\Program Files\Java\jdk-14.0.2\bin\javaw.exe
0x00007fff40ba0000 - 0x00007fff40da7000 	C:\WINDOWS\SYSTEM32\ntdll.dll
0x00007fff3f2b0000 - 0x00007fff3f36d000 	C:\WINDOWS\System32\KERNEL32.DLL
0x00007fff3e2c0000 - 0x00007fff3e634000 	C:\WINDOWS\System32\KERNELBASE.dll
0x00007fff3e910000 - 0x00007fff3ea21000 	C:\WINDOWS\System32\ucrtbase.dll
0x00007fff34d70000 - 0x00007fff34d88000 	C:\Program Files\Java\jdk-14.0.2\bin\jli.dll
0x00007fff3fb30000 - 0x00007fff3fbdc000 	C:\WINDOWS\System32\ADVAPI32.dll
0x00007fff2f3f0000 - 0x00007fff2f405000 	C:\Program Files\Java\jdk-14.0.2\bin\VCRUNTIME140.dll
0x00007fff3f200000 - 0x00007fff3f2a3000 	C:\WINDOWS\System32\msvcrt.dll
0x00007fff40060000 - 0x00007fff400fd000 	C:\WINDOWS\System32\sechost.dll
0x00007fff3f450000 - 0x00007fff3f571000 	C:\WINDOWS\System32\RPCRT4.dll
0x00007fff40900000 - 0x00007fff40aac000 	C:\WINDOWS\System32\USER32.dll
0x00007fff3e290000 - 0x00007fff3e2b6000 	C:\WINDOWS\System32\win32u.dll
0x00007fff40710000 - 0x00007fff40739000 	C:\WINDOWS\System32\GDI32.dll
0x00007fff2a950000 - 0x00007fff2abf5000 	C:\WINDOWS\WinSxS\amd64_microsoft.windows.common-controls_6595b64144ccf1df_6.0.22000.120_none_9d947278b86cc467\COMCTL32.dll
0x00007fff3e730000 - 0x00007fff3e842000 	C:\WINDOWS\System32\gdi32full.dll
0x00007fff3e1f0000 - 0x00007fff3e28d000 	C:\WINDOWS\System32\msvcp_win.dll
0x00007fff2b660000 - 0x00007fff2b66a000 	C:\WINDOWS\SYSTEM32\VERSION.dll
0x00007fff3f580000 - 0x00007fff3f5b1000 	C:\WINDOWS\System32\IMM32.DLL
0x00007fff2c7d0000 - 0x00007fff2c86b000 	C:\Program Files\Java\jdk-14.0.2\bin\msvcp140.dll
0x00007ffef8620000 - 0x00007ffef913e000 	C:\Program Files\Java\jdk-14.0.2\bin\server\jvm.dll
0x00007fff40330000 - 0x00007fff40338000 	C:\WINDOWS\System32\PSAPI.DLL
0x00007fff27080000 - 0x00007fff27089000 	C:\WINDOWS\SYSTEM32\WSOCK32.dll
0x00007fff40830000 - 0x00007fff4089f000 	C:\WINDOWS\System32\WS2_32.dll
0x00007fff34830000 - 0x00007fff34863000 	C:\WINDOWS\SYSTEM32\WINMM.dll
0x00007fff3d1a0000 - 0x00007fff3d1b8000 	C:\WINDOWS\SYSTEM32\kernel.appcore.dll
0x00007fff3b1d0000 - 0x00007fff3b1da000 	C:\Program Files\Java\jdk-14.0.2\bin\jimage.dll
0x00007fff3bc20000 - 0x00007fff3be41000 	C:\WINDOWS\SYSTEM32\DBGHELP.DLL
0x00007fff24960000 - 0x00007fff24991000 	C:\WINDOWS\SYSTEM32\dbgcore.DLL
0x00007fff3e6b0000 - 0x00007fff3e72f000 	C:\WINDOWS\System32\bcryptPrimitives.dll
0x00007fff2f370000 - 0x00007fff2f395000 	C:\Program Files\Java\jdk-14.0.2\bin\java.dll
0x00007fff34d90000 - 0x00007fff34da6000 	C:\Program Files\Java\jdk-14.0.2\bin\zip.dll

dbghelp: loaded successfully - version: 4.0.5 - missing functions: none
symbol engine: initialized successfully - sym options: 0x614 - pdb path: .;C:\Program Files\Java\jdk-14.0.2\bin;C:\WINDOWS\SYSTEM32;C:\WINDOWS\WinSxS\amd64_microsoft.windows.common-controls_6595b64144ccf1df_6.0.22000.120_none_9d947278b86cc467;C:\Program Files\Java\jdk-14.0.2\bin\server

VM Arguments:
jvm_args: -Dfile.encoding=UTF-8 
java_command: InputExample
java_class_path (initial): C:\Users\user\Desktop\Java_Study\bin
Launcher Type: SUN_STANDARD

[Global flags]
     intx CICompilerCount                          = 3                                         {product} {ergonomic}
     uint ConcGCThreads                            = 1                                         {product} {ergonomic}
     uint G1ConcRefinementThreads                  = 4                                         {product} {ergonomic}
   size_t G1HeapRegionSize                         = 1048576                                   {product} {ergonomic}
    uintx GCDrainStackTargetSize                   = 64                                        {product} {ergonomic}
   size_t InitialHeapSize                          = 65011712                                  {product} {ergonomic}
   size_t MarkStackSize                            = 4194304                                   {product} {ergonomic}
   size_t MaxHeapSize                              = 1031798784                                {product} {ergonomic}
   size_t MinHeapDeltaBytes                        = 1048576                                   {product} {ergonomic}
   size_t MinHeapSize                              = 8388608                                   {product} {ergonomic}
    uintx NonNMethodCodeHeapSize                   = 5832780                                {pd product} {ergonomic}
    uintx NonProfiledCodeHeapSize                  = 122912730                              {pd product} {ergonomic}
    uintx ProfiledCodeHeapSize                     = 122912730                              {pd product} {ergonomic}
    uintx ReservedCodeCacheSize                    = 251658240                              {pd product} {ergonomic}
     bool SegmentedCodeCache                       = true                                      {product} {ergonomic}
   size_t SoftMaxHeapSize                          = 1031798784                             {manageable} {ergonomic}
     bool UseCompressedClassPointers               = true                                 {lp64_product} {ergonomic}
     bool UseCompressedOops                        = true                                 {lp64_product} {ergonomic}
     bool UseG1GC                                  = true                                      {product} {ergonomic}
     bool UseLargePagesIndividualAllocation        = false                                  {pd product} {ergonomic}

Logging:
Log output configuration:
 #0: stdout all=warning uptime,level,tags
 #1: stderr all=off uptime,level,tags

Environment Variables:
JAVA_HOME=C:\Program Files\Java\jdk1.8.0_261
CLASSPATH=.;C:\Program Files\Java\jdk1.8.0_261\lib\tools.jar
PATH=C:/Program Files/Java/jdk-14.0.2/bin/server;C:/Program Files/Java/jdk-14.0.2/bin;C:\Program Files (x86)\Common Files\Oracle\Java\javapath;C:\Program Files (x86)\Intel\iCLS Client\;C:\Program Files\Intel\iCLS Client\;C:\WINDOWS\system32;C:\WINDOWS;C:\WINDOWS\System32\Wbem;C:\WINDOWS\System32\WindowsPowerShell\v1.0\;C:\WINDOWS\System32\OpenSSH\;C:\Program Files (x86)\Intel\Intel(R) Management Engine Components\DAL;C:\Program Files\Intel\Intel(R) Management Engine Components\DAL;C:\Program Files (x86)\Intel\Intel(R) Management Engine Components\IPT;C:\Program Files\Intel\Intel(R) Management Engine Components\IPT;C:\Program Files\Microsoft SQL Server\130\Tools\Binn\;C:\Program Files (x86)\Brackets\command;C:\Program Files\PuTTY\;C:\Program Files\MySQL\MySQL Utilities 1.6\;C:\Program Files\MySQL\MySQL server 5.7\bin;C:\Program Files\Java\jdk1.8.0_261\bin;C:\Program Files\Git\cmd;C:\Users\user\Desktop\컴퓨터네트워크\8 2019-q3-update\bin;C:\Users\user\Desktop\8 2019-q3-update\bin;C:\Python\Python37-32\Scripts\;C:\Python\Python37-32\;C:\Users\user\AppData\Local\Microsoft\WindowsApps;C:\Users\user\AppData\Local\GitHubDesktop\bin;;C:\Users\user\Desktop;
USERNAME=user
OS=Windows_NT
PROCESSOR_IDENTIFIER=Intel64 Family 6 Model 142 Stepping 10, GenuineIntel



---------------  S Y S T E M  ---------------

OS: Windows 10 , 64 bit Build 22000 (10.0.22000.318)
OS uptime: 12 days 0:32 hours

CPU:total 4 (initial active 4) (2 cores per cpu, 2 threads per core) family 6 model 142 stepping 10, cmov, cx8, fxsr, mmx, sse, sse2, sse3, ssse3, sse4.1, sse4.2, popcnt, avx, avx2, aes, clmul, erms, 3dnowpref, lzcnt, ht, tsc, tscinvbit, bmi1, bmi2, adx, fma

Memory: 4k page, system-wide physical 3929M (319M free)
TotalPageFile size 16217M (AvailPageFile size 64M)
current process WorkingSet (physical memory assigned to process): 10M, peak: 10M
current process commit charge ("private bytes"): 51M, peak: 113M

vm_info: Java HotSpot(TM) 64-Bit Server VM (14.0.2+12-46) for windows-amd64 JRE (14.0.2+12-46), built on Jul  9 2020 00:35:52 by "mach5one" with MS VC++ 15.9 (VS2017)

END.
